app/build/intermediates/manifest_merge_blame_file/debug/manifest-merger-blame-debug-report.txt
1<?xml version="1.0" encoding="utf-8"?>
2<manifest xmlns:android="http://schemas.android.com/apk/res/android"
3    package="com.example.githubtrendings"
4    android:versionCode="1"
5    android:versionName="1.0" >
6
7    <uses-sdk
8        android:minSdkVersion="24"
8-->src\main\AndroidManifest.xml
9        android:targetSdkVersion="34" />
9-->src\main\AndroidManifest.xml
10
11    <uses-permission android:name="android.permission.INTERNET" />
11-->src\main\AndroidManifest.xml:4:5-67
11-->src\main\AndroidManifest.xml:4:22-64
12
13    <permission
13-->[androidx.core:core:1.10.1] AndroidManifest.xml:22:5-24:47
14        android:name="com.example.githubtrendings.DYNAMIC_RECEIVER_NOT_EXPORTED_PERMISSION"
14-->[androidx.core:core:1.10.1] AndroidManifest.xml:23:9-81
15        android:protectionLevel="signature" />
15-->[androidx.core:core:1.10.1] AndroidManifest.xml:24:9-44
16
17    <uses-permission android:name="com.example.githubtrendings.DYNAMIC_RECEIVER_NOT_EXPORTED_PERMISSION" />
17-->[androidx.core:core:1.10.1] AndroidManifest.xml:26:5-97
17-->[androidx.core:core:1.10.1] AndroidManifest.xml:26:22-94
18
19    <application
19-->src\main\AndroidManifest.xml:6:5-29:19
20        android:name="com.example.githubtrendings.GithubApp"
20-->src\main\AndroidManifest.xml:7:9-34
21        android:allowBackup="true"
21-->src\main\AndroidManifest.xml:8:9-35
22        android:appComponentFactory="androidx.core.app.CoreComponentFactory"
22-->[androidx.core:core:1.10.1] AndroidManifest.xml:28:18-86
23        android:debuggable="true"
24        android:extractNativeLibs="false"
25        android:icon="@mipmap/ic_launcher"
25-->src\main\AndroidManifest.xml:9:9-43
26        android:label="@string/app_name"
26-->src\main\AndroidManifest.xml:11:9-41
27        android:roundIcon="@mipmap/ic_launcher_round"
27-->src\main\AndroidManifest.xml:10:9-54
28        android:supportsRtl="true"
28-->src\main\AndroidManifest.xml:12:9-35
29        android:testOnly="true"
30        android:theme="@style/Theme.GithubTrendingsMVP" >
30-->src\main\AndroidManifest.xml:13:9-56
31        <activity
31-->src\main\AndroidManifest.xml:15:9-22:20
32            android:name="com.example.githubtrendings.view.MainActivity"
32-->src\main\AndroidManifest.xml:16:13-46
33            android:exported="true" >
33-->src\main\AndroidManifest.xml:17:13-36
34            <intent-filter>
34-->src\main\AndroidManifest.xml:18:13-21:29
35                <action android:name="android.intent.action.MAIN" />
35-->src\main\AndroidManifest.xml:19:17-69
35-->src\main\AndroidManifest.xml:19:25-66
36
37                <category android:name="android.intent.category.LAUNCHER" />
37-->src\main\AndroidManifest.xml:20:17-77
37-->src\main\AndroidManifest.xml:20:27-74
38            </intent-filter>
39        </activity>
40        <activity
40-->src\main\AndroidManifest.xml:23:9-25:63
41            android:name="com.example.githubtrendings.view.DetailActivity"
41-->src\main\AndroidManifest.xml:24:13-48
42            android:parentActivityName="com.example.githubtrendings.view.MainActivity" />
42-->src\main\AndroidManifest.xml:25:13-60
43        <activity
43-->src\main\AndroidManifest.xml:26:9-28:63
44            android:name="com.example.githubtrendings.view.SettingsActivity"
44-->src\main\AndroidManifest.xml:27:13-50
45            android:parentActivityName="com.example.githubtrendings.view.MainActivity" />
45-->src\main\AndroidManifest.xml:28:13-60
46
47        <provider
47-->[androidx.emoji2:emoji2:1.2.0] AndroidManifest.xml:24:9-32:20
48            android:name="androidx.startup.InitializationProvider"
48-->[androidx.emoji2:emoji2:1.2.0] AndroidManifest.xml:25:13-67
49            android:authorities="com.example.githubtrendings.androidx-startup"
49-->[androidx.emoji2:emoji2:1.2.0] AndroidManifest.xml:26:13-68
50            android:exported="false" >
50-->[androidx.emoji2:emoji2:1.2.0] AndroidManifest.xml:27:13-37
51            <meta-data
51-->[androidx.emoji2:emoji2:1.2.0] AndroidManifest.xml:29:13-31:52
52                android:name="androidx.emoji2.text.EmojiCompatInitializer"
52-->[androidx.emoji2:emoji2:1.2.0] AndroidManifest.xml:30:17-75
53                android:value="androidx.startup" />
53-->[androidx.emoji2:emoji2:1.2.0] AndroidManifest.xml:31:17-49
54            <meta-data
54-->[androidx.lifecycle:lifecycle-process:2.4.1] AndroidManifest.xml:31:13-33:52
55                android:name="androidx.lifecycle.ProcessLifecycleInitializer"
55-->[androidx.lifecycle:lifecycle-process:2.4.1] AndroidManifest.xml:32:17-78
56                android:value="androidx.startup" />
56-->[androidx.lifecycle:lifecycle-process:2.4.1] AndroidManifest.xml:33:17-49
57        </provider>
58    </application>
59
60</manifest>